#
# A fatal error has been detected by the Java Runtime Environment:
#
#  EXCEPTION_ACCESS_VIOLATION (0xc0000005) at pc=0x6d989041, pid=8124, tid=4424
#
# JRE version: 6.0_16-b01
# Java VM: Java HotSpot(TM) Client VM (14.2-b01 mixed mode windows-x86 )
# Problematic frame:
# V  [jvm.dll+0xd9041]
#
# If you would like to submit a bug report, please visit:
#   http://java.sun.com/webapps/bugreport/crash.jsp
#

---------------  T H R E A D  ---------------

Current thread (0x4a302800):  JavaThread "*** Profiler Agent Special Execution Thread 3" daemon [_thread_in_vm, id=4424, stack(0x4fde0000,0x4fe30000)]

siginfo: ExceptionCode=0xc0000005, reading address 0x8943ad53

Registers:
EAX=0x00000000, EBX=0x00000000, ECX=0x44db7798, EDX=0x003d9570
ESP=0x4fe2fc48, EBP=0x4fe2fc4c, ESI=0x8943ad1f, EDI=0x4a3bc4dc
EIP=0x6d989041, EFLAGS=0x00010282

Top of Stack: (sp=0x4fe2fc48)
0x4fe2fc48:   4a302800 4fe2fca0 6d999ef3 44db7798
0x4fe2fc58:   00000000 4a302800 44db7760 000000a7
0x4fe2fc68:   4fe2fcb4 01a8e6aa 01a82588 00000000
0x4fe2fc78:   4fe2fcd4 4fe2fcb4 0001a556 039d0000
0x4fe2fc88:   06f38440 01a82f07 000000c8 00000000
0x4fe2fc98:   4fe2fcd4 4a302800 4fe2fcd4 01a8e6d4
0x4fe2fca8:   4a302800 44db777c 01a8e6aa 4fe2fcb4
0x4fe2fcb8:   44db7760 4fe2fce0 44db7af0 00000000 

Instructions: (pc=0x6d989041)
0x6d989031:   8b b6 00 01 00 00 85 f6 74 1c 8b 45 0c 8b 4d 08
0x6d989041:   39 4e 34 75 0a 83 f8 ff 74 1e 39 46 38 74 19 8b 


Stack: [0x4fde0000,0x4fe30000],  sp=0x4fe2fc48,  free space=319k
Native frames: (J=compiled Java code, j=interpreted, Vv=VM code, C=native code)
V  [jvm.dll+0xd9041]
V  [jvm.dll+0xe9ef3]
j  org.netbeans.lib.profiler.server.ProfilerRuntimeObjLiveness$ReferenceManagerThread.run()V+0
v  ~StubRoutines::call_stub
V  [jvm.dll+0xecf9c]
V  [jvm.dll+0x1741e1]
V  [jvm.dll+0xed167]
V  [jvm.dll+0xed1dd]
V  [jvm.dll+0x116290]
V  [jvm.dll+0x1d0424]
V  [jvm.dll+0x173e5c]
C  [msvcr71.dll+0x9565]
C  [kernel32.dll+0x51194]
C  [ntdll.dll+0x5b3f5]
C  [ntdll.dll+0x5b3c8]

Java frames: (J=compiled Java code, j=interpreted, Vv=VM code)
j  org.netbeans.lib.profiler.server.ProfilerRuntimeObjLiveness$ReferenceManagerThread.run()V+0
v  ~StubRoutines::call_stub

---------------  P R O C E S S  ---------------

Java Threads: ( => current thread )
=>0x4a302800 JavaThread "*** Profiler Agent Special Execution Thread 3" daemon [_thread_in_vm, id=4424, stack(0x4fde0000,0x4fe30000)]
  0x4a306400 JavaThread "*** Profiler Agent Special Execution Thread 6" daemon [_thread_blocked, id=7208, stack(0x4f4b0000,0x4f500000)]
  0x4a306000 JavaThread "*** JFluid Monitor thread ***" daemon [_thread_blocked, id=2212, stack(0x4f460000,0x4f4b0000)]
  0x4a303400 JavaThread "*** Profiler Agent Communication Thread" daemon [_thread_in_native, id=8036, stack(0x4f410000,0x4f460000)]
  0x4a306c00 JavaThread "RMI TCP Connection(15)-192.168.0.100" daemon [_thread_in_native, id=1940, stack(0x4a650000,0x4a6a0000)]
  0x4a303c00 JavaThread "JMX server connection timeout 54" daemon [_thread_blocked, id=7104, stack(0x4e1b0000,0x4e200000)]
  0x4a302400 JavaThread "RMI Scheduler(0)" daemon [_thread_blocked, id=7076, stack(0x4dd50000,0x4dda0000)]
  0x4a304c00 JavaThread "RMI TCP Accept-0" daemon [_thread_in_native, id=7016, stack(0x4da40000,0x4da90000)]
  0x4a304000 JavaThread "pool-3-thread-1" [_thread_blocked, id=6552, stack(0x4f1a0000,0x4f1f0000)]
  0x4a301c00 JavaThread "Thread-5" [_thread_in_native, id=5760, stack(0x4f0b0000,0x4f100000)]
  0x4a300c00 JavaThread "DestroyJavaVM" [_thread_blocked, id=2136, stack(0x00280000,0x002d0000)]
  0x4a300400 JavaThread "D3D Screen Updater" daemon [_thread_blocked, id=5668, stack(0x4dee0000,0x4df30000)]
  0x4a2a6c00 JavaThread "Swing-Shell" daemon [_thread_blocked, id=5260, stack(0x4d8a0000,0x4d8f0000)]
  0x4a0e4000 JavaThread "Thread-3" daemon [_thread_blocked, id=7956, stack(0x4c980000,0x4c9d0000)]
  0x4a05f400 JavaThread "TimerQueue" daemon [_thread_blocked, id=3028, stack(0x4c930000,0x4c980000)]
  0x49ebd800 JavaThread "AWT-EventQueue-0" [_thread_blocked, id=1568, stack(0x4c8e0000,0x4c930000)]
  0x49eae400 JavaThread "AWT-Windows" daemon [_thread_in_native, id=6344, stack(0x4a5b0000,0x4a600000)]
  0x49eadc00 JavaThread "AWT-Shutdown" [_thread_blocked, id=5656, stack(0x4a560000,0x4a5b0000)]
  0x49e9d400 JavaThread "Java2D Disposer" daemon [_thread_blocked, id=8112, stack(0x4a3f0000,0x4a440000)]
  0x01a5bc00 JavaThread "Low Memory Detector" daemon [_thread_blocked, id=7448, stack(0x49c20000,0x49c70000)]
  0x01a48c00 JavaThread "CompilerThread0" daemon [_thread_blocked, id=7328, stack(0x49bd0000,0x49c20000)]
  0x01a45400 JavaThread "Attach Listener" daemon [_thread_blocked, id=7660, stack(0x49b80000,0x49bd0000)]
  0x01a3ac00 JavaThread "Signal Dispatcher" daemon [_thread_blocked, id=3288, stack(0x49b30000,0x49b80000)]
  0x01a10000 JavaThread "Finalizer" daemon [_thread_blocked, id=2004, stack(0x49ae0000,0x49b30000)]
  0x01a0b800 JavaThread "Reference Handler" daemon [_thread_in_vm, id=7784, stack(0x49a90000,0x49ae0000)]

Other Threads:
  0x01a07c00 VMThread [stack: 0x00500000,0x00550000] [id=6028]
  0x01a66000 WatcherThread [stack: 0x49c70000,0x49cc0000] [id=5492]

VM state:not at safepoint (normal execution)

VM Mutex/Monitor currently owned by a thread:  ([mutex/lock_event])
[0x003d9570] OsrList_lock - owner thread: 0x4a302800

Heap
 def new generation   total 57216K, used 4487K [0x03a80000, 0x07890000, 0x08940000)
  eden space 50880K,   1% used [0x03a80000, 0x03b67448, 0x06c30000)
  from space 6336K,  56% used [0x06c30000, 0x06faaaf0, 0x07260000)
  to   space 6336K,   0% used [0x07260000, 0x07260000, 0x07890000)
 tenured generation   total 762060K, used 429823K [0x08940000, 0x37173000, 0x43a80000)
   the space 762060K,  56% used [0x08940000, 0x22cffc88, 0x22cffe00, 0x37173000)
 compacting perm gen  total 41984K, used 41896K [0x43a80000, 0x46380000, 0x47a80000)
   the space 41984K,  99% used [0x43a80000, 0x4636a320, 0x4636a400, 0x46380000)
No shared spaces configured.

Dynamic libraries:
0x00400000 - 0x00424000 	C:\Program Files\Java\jdk1.6.0_16\jre\bin\java.exe
0x76e90000 - 0x76fcc000 	C:\Windows\SYSTEM32\ntdll.dll
0x76630000 - 0x76704000 	C:\Windows\system32\kernel32.dll
0x75060000 - 0x750aa000 	C:\Windows\system32\KERNELBASE.dll
0x752e0000 - 0x75380000 	C:\Windows\system32\ADVAPI32.dll
0x76820000 - 0x768cc000 	C:\Windows\system32\msvcrt.dll
0x765c0000 - 0x765d9000 	C:\Windows\SYSTEM32\sechost.dll
0x768d0000 - 0x76971000 	C:\Windows\system32\RPCRT4.dll
0x7c340000 - 0x7c396000 	C:\Program Files\Java\jdk1.6.0_16\jre\bin\msvcr71.dll
0x6d8b0000 - 0x6db3b000 	C:\Program Files\Java\jdk1.6.0_16\jre\bin\client\jvm.dll
0x763b0000 - 0x76479000 	C:\Windows\system32\USER32.dll
0x76360000 - 0x763ae000 	C:\Windows\system32\GDI32.dll
0x76350000 - 0x7635a000 	C:\Windows\system32\LPK.dll
0x764e0000 - 0x7657d000 	C:\Windows\system32\USP10.dll
0x73440000 - 0x73472000 	C:\Windows\system32\WINMM.dll
0x76fe0000 - 0x76fff000 	C:\Windows\system32\IMM32.DLL
0x76980000 - 0x76a4c000 	C:\Windows\system32\MSCTF.dll
0x74f10000 - 0x74f5b000 	C:\Windows\system32\apphelp.dll
0x6d860000 - 0x6d86c000 	C:\Program Files\Java\jdk1.6.0_16\jre\bin\verify.dll
0x6d3e0000 - 0x6d3ff000 	C:\Program Files\Java\jdk1.6.0_16\jre\bin\java.dll
0x6d340000 - 0x6d348000 	C:\Program Files\Java\jdk1.6.0_16\jre\bin\hpi.dll
0x76710000 - 0x76715000 	C:\Windows\system32\PSAPI.DLL
0x6d8a0000 - 0x6d8af000 	C:\Program Files\Java\jdk1.6.0_16\jre\bin\zip.dll
0x6d0b0000 - 0x6d1fa000 	C:\Program Files\Java\jdk1.6.0_16\jre\bin\awt.dll
0x6fb60000 - 0x6fbb1000 	C:\Windows\system32\WINSPOOL.DRV
0x75380000 - 0x754dc000 	C:\Windows\system32\ole32.dll
0x74040000 - 0x741de000 	C:\Windows\WinSxS\x86_microsoft.windows.common-controls_6595b64144ccf1df_6.0.7600.16661_none_420fe3fa2b8113bd\comctl32.dll
0x76480000 - 0x764d7000 	C:\Windows\system32\SHLWAPI.dll
0x6d2e0000 - 0x6d334000 	C:\Program Files\Java\jdk1.6.0_16\jre\bin\fontmanager.dll
0x73b40000 - 0x73b53000 	C:\Windows\system32\DWMAPI.DLL
0x73db0000 - 0x73df0000 	C:\Windows\system32\uxtheme.dll
0x74f60000 - 0x74f6c000 	C:\Windows\system32\CRYPTBASE.dll
0x75560000 - 0x761a9000 	C:\Windows\system32\shell32.dll
0x66f70000 - 0x67133000 	C:\Windows\system32\d3d9.dll
0x744d0000 - 0x744d9000 	C:\Windows\system32\VERSION.dll
0x74030000 - 0x74036000 	C:\Windows\system32\d3d8thk.dll
0x63c50000 - 0x64553000 	C:\Windows\system32\nvd3dum.dll
0x73990000 - 0x739b5000 	C:\Windows\system32\powrprof.dll
0x761b0000 - 0x7634d000 	C:\Windows\system32\SETUPAPI.dll
0x75190000 - 0x751b7000 	C:\Windows\system32\CFGMGR32.dll
0x76780000 - 0x7680f000 	C:\Windows\system32\OLEAUT32.dll
0x75170000 - 0x75182000 	C:\Windows\system32\DEVOBJ.dll
0x6d6c0000 - 0x6d6d3000 	C:\Program Files\Java\jdk1.6.0_16\jre\bin\net.dll
0x76580000 - 0x765b5000 	C:\Windows\system32\WS2_32.dll
0x76810000 - 0x76816000 	C:\Windows\system32\NSI.dll
0x74a50000 - 0x74a8c000 	C:\Windows\system32\mswsock.dll
0x74a40000 - 0x74a46000 	C:\Windows\System32\wship6.dll
0x6d6e0000 - 0x6d6e9000 	C:\Program Files\Java\jdk1.6.0_16\jre\bin\nio.dll
0x4d6c0000 - 0x4d6cb000 	C:\Program Files\Java\jdk1.6.0_16\jre\bin\clib_jiio_util.dll
0x4d790000 - 0x4d89c000 	C:\Program Files\Java\jdk1.6.0_16\jre\bin\clib_jiio_sse2.dll
0x77000000 - 0x77083000 	C:\Windows\system32\CLBCatQ.DLL
0x73df0000 - 0x73ee5000 	C:\Windows\system32\propsys.dll
0x744a0000 - 0x744c1000 	C:\Windows\system32\ntmarta.dll
0x765e0000 - 0x76625000 	C:\Windows\system32\WLDAP32.dll
0x675e0000 - 0x67778000 	C:\Windows\system32\NetworkExplorer.dll
0x6dc90000 - 0x6dcbe000 	C:\Windows\System32\shdocvw.dll
0x74fe0000 - 0x74feb000 	C:\Windows\system32\profapi.dll
0x72ff0000 - 0x72ffa000 	C:\Windows\system32\slc.dll
0x709b0000 - 0x709c2000 	C:\Windows\system32\MPR.dll
0x72ed0000 - 0x72ed8000 	C:\Windows\System32\drprov.dll
0x747c0000 - 0x747e9000 	C:\Windows\System32\WINSTA.dll
0x6f080000 - 0x6f094000 	C:\Windows\System32\ntlanman.dll
0x6f060000 - 0x6f076000 	C:\Windows\System32\davclnt.dll
0x72e70000 - 0x72e78000 	C:\Windows\System32\DAVHLPR.dll
0x73730000 - 0x7373f000 	C:\Windows\system32\wkscli.dll
0x702a0000 - 0x702ab000 	C:\Windows\system32\cscapi.dll
0x73740000 - 0x73749000 	C:\Windows\system32\netutils.dll
0x67e40000 - 0x68078000 	C:\Windows\system32\wpdshext.dll
0x73c20000 - 0x73db0000 	C:\Windows\WinSxS\x86_microsoft.windows.gdiplus_6595b64144ccf1df_1.1.7600.16385_none_72fc7cbf861225ca\gdiplus.dll
0x6ed50000 - 0x6edd9000 	C:\Windows\system32\PortableDeviceApi.dll
0x75140000 - 0x7516d000 	C:\Windows\system32\WINTRUST.dll
0x751c0000 - 0x752dc000 	C:\Windows\system32\CRYPT32.dll
0x75050000 - 0x7505c000 	C:\Windows\system32\MSASN1.dll
0x6f020000 - 0x6f05f000 	C:\Windows\system32\audiodev.dll
0x623c0000 - 0x62627000 	C:\Windows\system32\WMVCore.DLL
0x677c0000 - 0x677fd000 	C:\Windows\system32\WMASF.DLL
0x6dd40000 - 0x6dd71000 	C:\Windows\system32\EhStorShell.dll
0x68760000 - 0x68782000 	C:\Windows\system32\EhStorAPI.dll
0x6e260000 - 0x6e269000 	C:\Windows\system32\LINKINFO.dll
0x4ddb0000 - 0x4de4f000 	C:\Windows\system32\SearchFolder.dll
0x67580000 - 0x675dc000 	C:\Windows\System32\StructuredQuery.dll
0x74ed0000 - 0x74ed8000 	C:\Windows\System32\Secur32.dll
0x74ef0000 - 0x74f0a000 	C:\Windows\system32\SSPICLI.DLL
0x6d250000 - 0x6d273000 	C:\Program Files\Java\jdk1.6.0_16\jre\bin\dcpr.dll
0x74560000 - 0x74565000 	C:\Windows\System32\wshtcpip.dll
0x74910000 - 0x74954000 	C:\Windows\system32\DNSAPI.dll
0x72dd0000 - 0x72dec000 	C:\Windows\system32\IPHLPAPI.DLL
0x72dc0000 - 0x72dc7000 	C:\Windows\system32\WINNSI.DLL
0x71240000 - 0x71246000 	C:\Windows\system32\rasadhlp.dll
0x72cb0000 - 0x72ce8000 	C:\Windows\System32\fwpuclnt.dll
0x74a90000 - 0x74aa6000 	C:\Windows\system32\CRYPTSP.dll
0x74830000 - 0x7486b000 	C:\Windows\system32\rsaenh.dll
0x74fd0000 - 0x74fde000 	C:\Windows\system32\RpcRtRemote.dll
0x74640000 - 0x74657000 	C:\Windows\system32\USERENV.dll
0x73320000 - 0x73330000 	C:\Windows\system32\NLAapi.dll
0x71260000 - 0x71268000 	C:\Windows\System32\winrnr.dll
0x71250000 - 0x71260000 	C:\Windows\system32\napinsp.dll
0x71060000 - 0x71072000 	C:\Windows\system32\pnrpnsp.dll
0x6d380000 - 0x6d39a000 	C:\Program Files\Java\jdk1.6.0_16\jre\bin\instrument.dll
0x6d610000 - 0x6d619000 	C:\Program Files\Java\jdk1.6.0_16\jre\bin\management.dll
0x72940000 - 0x7294d000 	C:\Windows\system32\dhcpcsvc6.DLL
0x72920000 - 0x72932000 	C:\Windows\system32\dhcpcsvc.DLL
0x6d7b0000 - 0x6d7b6000 	C:\Program Files\Java\jdk1.6.0_16\jre\bin\rmi.dll
0x6dfa0000 - 0x6dfa8000 	C:\Program Files\Java\jdk1.6.0_16\lib\visualvm\profiler3\lib\deployed\jdk16\windows\profilerinterface.dll

VM Arguments:
jvm_args: -Xms32m -Xmx1024m -Djava.util.logging.config.file=C:\Users\Elmo\Documents\FH-Stuff\Master\Semester3\Projekt\svn\trunk\genoviz/etc/logging.properties -Dapple.laf.useScreenMenuBar=true 
java_command: com.affymetrix.igb.IGB
Launcher Type: SUN_STANDARD

Environment Variables:
JAVA_HOME=C:\Program Files\Java\jdk1.6.0_16
CLASSPATH=C:\Temp\jogl\jogl\build\jogl
PATH=C:\Program Files\NVIDIA Corporation\PhysX\Common;C:\Program Files\NVIDIA GPU Computing Toolkit\CUDA\v3.2\bin\;C:\Windows\system32;C:\Windows;C:\Windows\System32\Wbem;C:\Windows\System32\WindowsPowerShell\v1.0\;C:\Program Files\Microsoft SQL Server\90\Tools\binn\;C:\Program Files\TortoiseSVN\bin;C:\MinGW\bin;c:\msys\1.0\bin;C:\Temp\vtkBuild\bin;C:\Program Files\Common Files\Teleca Shared;C:\Users\Elmo\Downloads\apache-ant-1.8.1-bin\apache-ant-1.8.1\bin;C:\Users\Elmo\AppData\Local\NVIDIA Corporation\NVIDIA GPU Computing SDK 3.2\C\common\bin;C:\Program Files\Subversion\bin;C:\Program Files\Microsoft SQL Server\100\Tools\Binn\;C:\Program Files\Microsoft SQL Server\100\DTS\Binn\;C:\CUDA\bin;C:\Program Files\Common Files\Acronis\SnapAPI\;C:\Program Files\MikTex\miktex\bin;C:\Program Files\WinAnt\bin;C:\Program Files\CMake 2.8\bin
USERNAME=Elmo
OS=Windows_NT
PROCESSOR_IDENTIFIER=x86 Family 6 Model 15 Stepping 6, GenuineIntel



---------------  S Y S T E M  ---------------

OS: Windows 7 Build 7600 

CPU:total 2 (2 cores per cpu, 1 threads per core) family 6 model 15 stepping 6, cmov, cx8, fxsr, mmx, sse, sse2, sse3, ssse3

Memory: 4k page, physical 2095608k(161152k free), swap 4191216k(762700k free)

vm_info: Java HotSpot(TM) Client VM (14.2-b01) for windows-x86 JRE (1.6.0_16-b01), built on Jul 31 2009 11:26:58 by "java_re" with MS VC++ 7.1

time: Thu Dec 02 22:06:40 2010
elapsed time: 1574 seconds

